<?xml version="1.0" encoding="UTF-8"?>
<testng-results ignored="0" total="1" passed="1" failed="0" skipped="0">
  <reporter-output>
  </reporter-output>
  <suite started-at="2024-09-03T12:30:55 IST" name="Suite" finished-at="2024-09-03T12:31:32 IST" duration-ms="36855">
    <groups>
    </groups>
    <test started-at="2024-09-03T12:30:55 IST" name="Test" finished-at="2024-09-03T12:31:32 IST" duration-ms="36855">
      <class name="Test_Case_File.TestCase">
        <test-method is-config="true" signature="browserLaunch()[pri:0, instance:Test_Case_File.TestCase@3eeb318f]" started-at="2024-09-03T12:30:55 IST" name="browserLaunch" finished-at="2024-09-03T12:31:00 IST" duration-ms="5014" status="PASS">
          <reporter-output>
          </reporter-output>
        </test-method> <!-- browserLaunch -->
        <test-method signature="logiCase(java.lang.String,java.lang.String)[pri:0, instance:Test_Case_File.TestCase@3eeb318f]" started-at="2024-09-03T12:31:02 IST" name="logiCase" data-provider="datapro" finished-at="2024-09-03T12:31:32 IST" duration-ms="29749" status="PASS">
          <params>
            <param index="0">
              <value>
                <![CDATA[student]]>
              </value>
            </param>
            <param index="1">
              <value>
                <![CDATA[Password123]]>
              </value>
            </param>
          </params>
          <reporter-output>
          </reporter-output>
        </test-method> <!-- logiCase -->
      </class> <!-- Test_Case_File.TestCase -->
    </test> <!-- Test -->
  </suite> <!-- Suite -->
</testng-results>
