<?xml version="1.0" encoding="UTF-8"?>
<testng-results ignored="0" total="1" passed="1" failed="0" skipped="0">
  <reporter-output>
  </reporter-output>
  <suite started-at="2024-08-06T15:23:27 IST" name="Suite" finished-at="2024-08-06T15:23:40 IST" duration-ms="12650">
    <groups>
    </groups>
    <test started-at="2024-08-06T15:23:27 IST" name="Test" finished-at="2024-08-06T15:23:40 IST" duration-ms="12650">
      <class name="Test_Case_File.TestCase">
        <test-method is-config="true" signature="browserLaunch()[pri:0, instance:Test_Case_File.TestCase@66ce957f]" started-at="2024-08-06T15:23:28 IST" name="browserLaunch" finished-at="2024-08-06T15:23:32 IST" duration-ms="3973" status="PASS">
          <reporter-output>
          </reporter-output>
        </test-method> <!-- browserLaunch -->
        <test-method signature="logiCase(java.lang.String,java.lang.String)[pri:0, instance:Test_Case_File.TestCase@66ce957f]" started-at="2024-08-06T15:23:34 IST" name="logiCase" data-provider="datapro" finished-at="2024-08-06T15:23:40 IST" duration-ms="6329" status="PASS">
          <params>
            <param index="0">
              <value>
                <![CDATA[student]]>
              </value>
            </param>
            <param index="1">
              <value>
                <![CDATA[Password123]]>
              </value>
            </param>
          </params>
          <reporter-output>
          </reporter-output>
        </test-method> <!-- logiCase -->
      </class> <!-- Test_Case_File.TestCase -->
    </test> <!-- Test -->
  </suite> <!-- Suite -->
</testng-results>
